# JRE version: Java(TM) SE Runtime Environment (8.0_191-b12) (build 1.8.0_191-b12)
# Java VM: Java HotSpot(TM) Client VM (25.191-b12 mixed mode windows-x86 )
Heap:
 def new generation   total 90304K, used 80320K [0x05400000, 0x0b5f0000, 0x0fea0000)
  eden space 80320K, 100% used [0x05400000, 0x0a270000, 0x0a270000)
  from space 9984K,   0% used [0x0a270000, 0x0a270000, 0x0ac30000)
  to   space 9984K,   0% used [0x0ac30000, 0x0ac3ce78, 0x0b5f0000)
 tenured generation   total 200436K, used 120260K [0x0fea0000, 0x1c25d000, 0x25400000)
   the space 200436K,  59% used [0x0fea0000, 0x17411000, 0x17411000, 0x1c25d000)
 Metaspace       used 24061K, capacity 24510K, committed 24576K, reserved 24960K
GC Heap History (10 events):
Event: 5.719 GC heap after
Heap after GC invocations=10 (full 1):
 def new generation   total 39424K, used 2132K [0x05400000, 0x07ec0000, 0x0fea0000)
  eden space 35072K,   0% used [0x05400000, 0x05400000, 0x07640000)
  from space 4352K,  49% used [0x07640000, 0x07855218, 0x07a80000)
  to   space 4352K,   0% used [0x07a80000, 0x07a80000, 0x07ec0000)
 tenured generation   total 87424K, used 60099K [0x0fea0000, 0x15400000, 0x25400000)
   the space 87424K,  68% used [0x0fea0000, 0x13950c78, 0x13950e00, 0x15400000)
 Metaspace       used 16940K, capacity 17214K, committed 17280K, reserved 17792K
}
Event: 7.333 GC heap before
{Heap before GC invocations=10 (full 1):
 def new generation   total 39424K, used 37204K [0x05400000, 0x07ec0000, 0x0fea0000)
  eden space 35072K, 100% used [0x05400000, 0x07640000, 0x07640000)
  from space 4352K,  49% used [0x07640000, 0x07855218, 0x07a80000)
  to   space 4352K,   0% used [0x07a80000, 0x07a80000, 0x07ec0000)
 tenured generation   total 87424K, used 60099K [0x0fea0000, 0x15400000, 0x25400000)
   the space 87424K,  68% used [0x0fea0000, 0x13950c78, 0x13950e00, 0x15400000)
 Metaspace       used 17070K, capacity 17425K, committed 17536K, reserved 17792K
Event: 7.352 GC heap after
Heap after GC invocations=11 (full 1):
 def new generation   total 39424K, used 4352K [0x05400000, 0x07ec0000, 0x0fea0000)
  eden space 35072K,   0% used [0x05400000, 0x05400000, 0x07640000)
  from space 4352K, 100% used [0x07a80000, 0x07ec0000, 0x07ec0000)
  to   space 4352K,   0% used [0x07640000, 0x07640000, 0x07a80000)
 tenured generation   total 87424K, used 62291K [0x0fea0000, 0x15400000, 0x25400000)
   the space 87424K,  71% used [0x0fea0000, 0x13b74ea0, 0x13b75000, 0x15400000)
 Metaspace       used 17070K, capacity 17425K, committed 17536K, reserved 17792K
}
Event: 7.922 GC heap before
{Heap before GC invocations=11 (full 1):
 def new generation   total 39424K, used 28385K [0x05400000, 0x07ec0000, 0x0fea0000)
  eden space 35072K,  68% used [0x05400000, 0x06b787f8, 0x07640000)
  from space 4352K, 100% used [0x07a80000, 0x07ec0000, 0x07ec0000)
  to   space 4352K,   0% used [0x07640000, 0x07640000, 0x07a80000)
 tenured generation   total 87424K, used 62291K [0x0fea0000, 0x15400000, 0x25400000)
   the space 87424K,  71% used [0x0fea0000, 0x13b74ea0, 0x13b75000, 0x15400000)
 Metaspace       used 20087K, capacity 20447K, committed 20480K, reserved 20864K
Event: 8.042 GC heap after
Heap after GC invocations=12 (full 2):
 def new generation   total 50944K, used 0K [0x05400000, 0x08b40000, 0x0fea0000)
  eden space 45312K,   0% used [0x05400000, 0x05400000, 0x08040000)
  from space 5632K,   0% used [0x08040000, 0x08040000, 0x085c0000)
  to   space 5632K,   0% used [0x085c0000, 0x085c0000, 0x08b40000)
 tenured generation   total 113104K, used 67861K [0x0fea0000, 0x16d14000, 0x25400000)
   the space 113104K,  59% used [0x0fea0000, 0x140e5778, 0x140e5800, 0x16d14000)
 Metaspace       used 20087K, capacity 20447K, committed 20480K, reserved 20864K
}
Event: 17.067 GC heap before
{Heap before GC invocations=12 (full 2):
 def new generation   total 50944K, used 45307K [0x05400000, 0x08b40000, 0x0fea0000)
  eden space 45312K,  99% used [0x05400000, 0x0803ef68, 0x08040000)
  from space 5632K,   0% used [0x08040000, 0x08040000, 0x085c0000)
  to   space 5632K,   0% used [0x085c0000, 0x085c0000, 0x08b40000)
 tenured generation   total 113104K, used 67861K [0x0fea0000, 0x16d14000, 0x25400000)
   the space 113104K,  59% used [0x0fea0000, 0x140e5778, 0x140e5800, 0x16d14000)
 Metaspace       used 23955K, capacity 24421K, committed 24576K, reserved 24960K
Event: 17.086 GC heap after
Heap after GC invocations=13 (full 2):
 def new generation   total 50944K, used 5632K [0x05400000, 0x08b40000, 0x0fea0000)
  eden space 45312K,   0% used [0x05400000, 0x05400000, 0x08040000)
  from space 5632K, 100% used [0x085c0000, 0x08b40000, 0x08b40000)
  to   space 5632K,   0% used [0x08040000, 0x08040000, 0x085c0000)
 tenured generation   total 113104K, used 76395K [0x0fea0000, 0x16d14000, 0x25400000)
   the space 113104K,  67% used [0x0fea0000, 0x1493ac70, 0x1493ae00, 0x16d14000)
 Metaspace       used 23955K, capacity 24421K, committed 24576K, reserved 24960K
}
Event: 17.102 GC heap before
{Heap before GC invocations=13 (full 2):
 def new generation   total 50944K, used 50944K [0x05400000, 0x08b40000, 0x0fea0000)
  eden space 45312K, 100% used [0x05400000, 0x08040000, 0x08040000)
  from space 5632K, 100% used [0x085c0000, 0x08b40000, 0x08b40000)
  to   space 5632K,   0% used [0x08040000, 0x08040000, 0x085c0000)
 tenured generation   total 113104K, used 76395K [0x0fea0000, 0x16d14000, 0x25400000)
   the space 113104K,  67% used [0x0fea0000, 0x1493ac70, 0x1493ae00, 0x16d14000)
 Metaspace       used 23964K, capacity 24421K, committed 24576K, reserved 24960K
Event: 17.304 GC heap after
Heap after GC invocations=14 (full 3):
 def new generation   total 90304K, used 1347K [0x05400000, 0x0b5f0000, 0x0fea0000)
  eden space 80320K,   1% used [0x05400000, 0x05550cc8, 0x0a270000)
  from space 9984K,   0% used [0x0a270000, 0x0a270000, 0x0ac30000)
  to   space 9984K,   0% used [0x0ac30000, 0x0ac30000, 0x0b5f0000)
 tenured generation   total 200436K, used 120260K [0x0fea0000, 0x1c25d000, 0x25400000)
   the space 200436K,  59% used [0x0fea0000, 0x17411000, 0x17411000, 0x1c25d000)
 Metaspace       used 23964K, capacity 24421K, committed 24576K, reserved 24960K
}
Event: 33.540 GC heap before
{Heap before GC invocations=14 (full 3):
 def new generation   total 90304K, used 80320K [0x05400000, 0x0b5f0000, 0x0fea0000)
  eden space 80320K, 100% used [0x05400000, 0x0a270000, 0x0a270000)
  from space 9984K,   0% used [0x0a270000, 0x0a270000, 0x0ac30000)
  to   space 9984K,   0% used [0x0ac30000, 0x0ac30000, 0x0b5f0000)
 tenured generation   total 200436K, used 120260K [0x0fea0000, 0x1c25d000, 0x25400000)
   the space 200436K,  59% used [0x0fea0000, 0x17411000, 0x17411000, 0x1c25d000)
 Metaspace       used 24061K, capacity 24510K, committed 24576K, reserved 24960K

